SF:C:\Work\IntegrationFactory\IntegrationFactory.Domain\PipeLine\PipeLineContext.cs
FN:10,IntegrationFactory.Domain.DataSet.Contracts.IOrigin`1<O> IntegrationFactory.Domain.PipeLine.PipeLineContext`1::get_Origin()
FNDA:0,IntegrationFactory.Domain.DataSet.Contracts.IOrigin`1<O> IntegrationFactory.Domain.PipeLine.PipeLineContext`1::get_Origin()
DA:11,0
FN:12,IntegrationFactory.Domain.DataSet.Contracts.IDestiny IntegrationFactory.Domain.PipeLine.PipeLineContext`1::get_Destiny()
FNDA:0,IntegrationFactory.Domain.DataSet.Contracts.IDestiny IntegrationFactory.Domain.PipeLine.PipeLineContext`1::get_Destiny()
DA:13,0
FN:14,System.Collections.Generic.List`1<IntegrationFactory.Domain.DataSet.Map> IntegrationFactory.Domain.PipeLine.PipeLineContext`1::get_Map()
FNDA:0,System.Collections.Generic.List`1<IntegrationFactory.Domain.DataSet.Map> IntegrationFactory.Domain.PipeLine.PipeLineContext`1::get_Map()
DA:15,0
FN:16,System.Collections.Generic.IEnumerable`1<O> IntegrationFactory.Domain.PipeLine.PipeLineContext`1::get_OriginData()
FNDA:0,System.Collections.Generic.IEnumerable`1<O> IntegrationFactory.Domain.PipeLine.PipeLineContext`1::get_OriginData()
DA:17,0
FN:18,System.Collections.Generic.List`1<System.String> IntegrationFactory.Domain.PipeLine.PipeLineContext`1::get_Notifications()
FNDA:0,System.Collections.Generic.List`1<System.String> IntegrationFactory.Domain.PipeLine.PipeLineContext`1::get_Notifications()
DA:19,0
FN:19,IntegrationFactory.Domain.DataSet.Result IntegrationFactory.Domain.PipeLine.PipeLineContext`1::get_Result()
FNDA:0,IntegrationFactory.Domain.DataSet.Result IntegrationFactory.Domain.PipeLine.PipeLineContext`1::get_Result()
DA:20,0
FN:22,IntegrationFactory.Domain.PipeLine.IPipeLine`1<O> IntegrationFactory.Domain.PipeLine.PipeLineContext`1::SetOrigin(IntegrationFactory.Domain.DataSet.Contracts.IOrigin`1<O>)
FNDA:0,IntegrationFactory.Domain.PipeLine.IPipeLine`1<O> IntegrationFactory.Domain.PipeLine.PipeLineContext`1::SetOrigin(IntegrationFactory.Domain.DataSet.Contracts.IOrigin`1<O>)
DA:23,0
DA:24,0
DA:25,0
DA:26,0
FN:28,IntegrationFactory.Domain.PipeLine.IPipeLine`1<O> IntegrationFactory.Domain.PipeLine.PipeLineContext`1::SetDestiny(IntegrationFactory.Domain.DataSet.Contracts.IDestiny)
FNDA:0,IntegrationFactory.Domain.PipeLine.IPipeLine`1<O> IntegrationFactory.Domain.PipeLine.PipeLineContext`1::SetDestiny(IntegrationFactory.Domain.DataSet.Contracts.IDestiny)
DA:29,0
DA:30,0
DA:31,0
DA:32,0
FN:34,IntegrationFactory.Domain.PipeLine.IPipeLine`1<O> IntegrationFactory.Domain.PipeLine.PipeLineContext`1::AddMap(System.String,System.String)
FNDA:0,IntegrationFactory.Domain.PipeLine.IPipeLine`1<O> IntegrationFactory.Domain.PipeLine.PipeLineContext`1::AddMap(System.String,System.String)
DA:35,0
DA:36,0
DA:37,0
DA:38,0
FN:40,IntegrationFactory.Domain.PipeLine.IPipeLine`1<O> IntegrationFactory.Domain.PipeLine.PipeLineContext`1::Get()
FNDA:0,IntegrationFactory.Domain.PipeLine.IPipeLine`1<O> IntegrationFactory.Domain.PipeLine.PipeLineContext`1::Get()
DA:41,0
DA:42,0
DA:43,0
DA:44,0
DA:45,0
FN:47,IntegrationFactory.Domain.PipeLine.IPipeLine`1<O> IntegrationFactory.Domain.PipeLine.PipeLineContext`1::Synk()
FNDA:0,IntegrationFactory.Domain.PipeLine.IPipeLine`1<O> IntegrationFactory.Domain.PipeLine.PipeLineContext`1::Synk()
DA:48,0
DA:49,0
DA:50,0
DA:51,0
DA:52,0
DA:53,0
DA:54,0
FN:56,IntegrationFactory.Domain.PipeLine.IPipeLine`1<O> IntegrationFactory.Domain.PipeLine.PipeLineContext`1::OtherAction(System.Action)
FNDA:0,IntegrationFactory.Domain.PipeLine.IPipeLine`1<O> IntegrationFactory.Domain.PipeLine.PipeLineContext`1::OtherAction(System.Action)
DA:57,0
DA:58,0
DA:59,0
DA:60,0
LF:34
LH:0
BRF:0
BRH:0
FNF:12
FNH:0
end_of_record
SF:C:\Work\IntegrationFactory\IntegrationFactory.Domain\Extensions\DataTableExtensions.cs
FN:10,System.Data.DataTable IntegrationFactory.Domain.Extensions.DataTableExtensions::ConvertToDataTable(System.Collections.Generic.IEnumerable`1<T>)
FNDA:1,System.Data.DataTable IntegrationFactory.Domain.Extensions.DataTableExtensions::ConvertToDataTable(System.Collections.Generic.IEnumerable`1<T>)
DA:11,1
DA:12,1
DA:13,1
DA:15,9
DA:16,3
DA:17,3
DA:18,3
DA:20,7
DA:21,2
DA:22,2
DA:23,18
DA:24,6
DA:26,2
DA:27,2
DA:29,1
DA:30,1
BRDA:15,90,1,3
BRDA:16,69,0,3
BRDA:16,69,1,3
BRDA:15,90,0,1
BRDA:20,265,1,2
BRDA:23,217,1,6
BRDA:24,196,0,0
BRDA:24,196,1,6
BRDA:23,217,0,2
BRDA:20,265,0,1
LF:16
LH:16
BRF:10
BRH:9
FNF:1
FNH:1
end_of_record
SF:C:\Work\IntegrationFactory\IntegrationFactory.Domain\DataSet\Map.cs
FN:10,System.String IntegrationFactory.Domain.DataSet.Map::get_Source()
FNDA:14,System.String IntegrationFactory.Domain.DataSet.Map::get_Source()
DA:11,14
FN:11,System.String IntegrationFactory.Domain.DataSet.Map::get_Target()
FNDA:14,System.String IntegrationFactory.Domain.DataSet.Map::get_Target()
DA:12,14
FN:4,System.Void IntegrationFactory.Domain.DataSet.Map::.ctor(System.String,System.String)
FNDA:7,System.Void IntegrationFactory.Domain.DataSet.Map::.ctor(System.String,System.String)
DA:5,7
DA:6,7
DA:7,7
DA:8,7
DA:9,7
LF:7
LH:7
BRF:0
BRH:0
FNF:3
FNH:3
end_of_record
SF:C:\Work\IntegrationFactory\IntegrationFactory.Domain\DataSet\Result.cs
FN:11,System.Boolean IntegrationFactory.Domain.DataSet.Result::get_Success()
FNDA:11,System.Boolean IntegrationFactory.Domain.DataSet.Result::get_Success()
DA:12,11
FN:12,System.String IntegrationFactory.Domain.DataSet.Result::get_Message()
FNDA:7,System.String IntegrationFactory.Domain.DataSet.Result::get_Message()
DA:13,7
FN:13,System.Object IntegrationFactory.Domain.DataSet.Result::get_Data()
FNDA:0,System.Object IntegrationFactory.Domain.DataSet.Result::get_Data()
DA:14,0
FN:16,System.String IntegrationFactory.Domain.DataSet.Result::ToString()
FNDA:0,System.String IntegrationFactory.Domain.DataSet.Result::ToString()
DA:17,0
DA:18,0
DA:19,0
FN:4,System.Void IntegrationFactory.Domain.DataSet.Result::.ctor(System.Boolean,System.String,System.Object)
FNDA:6,System.Void IntegrationFactory.Domain.DataSet.Result::.ctor(System.Boolean,System.String,System.Object)
DA:5,6
DA:6,6
DA:7,6
DA:8,6
DA:9,6
DA:10,6
LF:12
LH:8
BRF:0
BRH:0
FNF:5
FNH:3
end_of_record
SF:C:\Work\IntegrationFactory\IntegrationFactory.Domain\DataSet\Xml\XmlOrigin.cs
FN:20,IntegrationFactory.Domain.DataSet.Xml.XmlOrigin`1<T> IntegrationFactory.Domain.DataSet.Xml.XmlOrigin`1::SetDescendants(System.String)
FNDA:0,IntegrationFactory.Domain.DataSet.Xml.XmlOrigin`1<T> IntegrationFactory.Domain.DataSet.Xml.XmlOrigin`1::SetDescendants(System.String)
DA:21,0
DA:22,0
DA:23,0
DA:24,0
FN:25,System.Collections.Generic.IEnumerable`1<T> IntegrationFactory.Domain.DataSet.Xml.XmlOrigin`1::Extract()
FNDA:0,System.Collections.Generic.IEnumerable`1<T> IntegrationFactory.Domain.DataSet.Xml.XmlOrigin`1::Extract()
DA:26,0
DA:27,0
DA:28,0
DA:29,0
FN:31,System.Void IntegrationFactory.Domain.DataSet.Xml.XmlOrigin`1::Validate()
FNDA:0,System.Void IntegrationFactory.Domain.DataSet.Xml.XmlOrigin`1::Validate()
DA:32,0
DA:33,0
FN:36,System.Void IntegrationFactory.Domain.DataSet.Xml.XmlOrigin`1::Transform()
FNDA:0,System.Void IntegrationFactory.Domain.DataSet.Xml.XmlOrigin`1::Transform()
DA:37,0
DA:38,0
FN:14,System.Void IntegrationFactory.Domain.DataSet.Xml.XmlOrigin`1::.ctor(System.String,System.Func`2<System.Xml.Linq.XElement,T>)
FNDA:0,System.Void IntegrationFactory.Domain.DataSet.Xml.XmlOrigin`1::.ctor(System.String,System.Func`2<System.Xml.Linq.XElement,T>)
DA:15,0
DA:16,0
DA:17,0
DA:18,0
DA:19,0
LF:17
LH:0
BRF:0
BRH:0
FNF:5
FNH:0
end_of_record
SF:C:\Work\IntegrationFactory\IntegrationFactory.Domain\DataSet\SqlServer\SqlServerDestiny.cs
FN:13,System.String IntegrationFactory.Domain.DataSet.SqlServer.SqlServerDestiny::get_Table()
FNDA:90,System.String IntegrationFactory.Domain.DataSet.SqlServer.SqlServerDestiny::get_Table()
DA:14,90
FN:23,System.Void IntegrationFactory.Domain.DataSet.SqlServer.SqlServerDestiny::MapToSynk(System.Collections.Generic.List`1<IntegrationFactory.Domain.DataSet.Map>)
FNDA:4,System.Void IntegrationFactory.Domain.DataSet.SqlServer.SqlServerDestiny::MapToSynk(System.Collections.Generic.List`1<IntegrationFactory.Domain.DataSet.Map>)
DA:24,4
DA:25,5
DA:26,3
DA:27,10
DA:28,10
DA:29,4
BRDA:25,7,1,3
BRDA:25,7,0,4
FN:31,IntegrationFactory.Domain.DataSet.Result IntegrationFactory.Domain.DataSet.SqlServer.SqlServerDestiny::Load(System.Data.DataTable)
FNDA:8,IntegrationFactory.Domain.DataSet.Result IntegrationFactory.Domain.DataSet.SqlServer.SqlServerDestiny::Load(System.Data.DataTable)
DA:32,8
DA:33,8
DA:34,1
DA:36,7
DA:37,6
DA:38,6
DA:39,5
DA:40,5
DA:41,6
BRDA:33,7,0,1
BRDA:33,7,1,7
FN:43,System.Void IntegrationFactory.Domain.DataSet.SqlServer.SqlServerDestiny::Bulk(System.Data.DataTable)
FNDA:6,System.Void IntegrationFactory.Domain.DataSet.SqlServer.SqlServerDestiny::Bulk(System.Data.DataTable)
DA:44,6
DA:45,6
DA:46,6
DA:47,6
DA:48,6
DA:49,5
FN:52,System.Void IntegrationFactory.Domain.DataSet.SqlServer.SqlServerDestiny::Validate()
FNDA:13,System.Void IntegrationFactory.Domain.DataSet.SqlServer.SqlServerDestiny::Validate()
DA:53,13
DA:54,13
DA:56,13
DA:57,2
DA:59,13
DA:60,2
DA:62,13
BRDA:56,21,0,2
BRDA:56,21,1,13
BRDA:59,48,0,2
BRDA:59,48,1,13
FN:15,System.Void IntegrationFactory.Domain.DataSet.SqlServer.SqlServerDestiny::.ctor(System.String,System.String)
FNDA:26,System.Void IntegrationFactory.Domain.DataSet.SqlServer.SqlServerDestiny::.ctor(System.String,System.String)
DA:16,26
DA:17,26
DA:18,26
DA:19,25
DA:20,25
DA:21,25
LF:35
LH:35
BRF:8
BRH:8
FNF:6
FNH:6
end_of_record
SF:C:\Work\IntegrationFactory\IntegrationFactory.Domain\DataSet\SqlServer\SqlServerOrigin.cs
FN:12,System.String IntegrationFactory.Domain.DataSet.SqlServer.SqlServerOrigin`1::get_SqlCommand()
FNDA:0,System.String IntegrationFactory.Domain.DataSet.SqlServer.SqlServerOrigin`1::get_SqlCommand()
DA:13,0
FN:20,System.Collections.Generic.IEnumerable`1<T> IntegrationFactory.Domain.DataSet.SqlServer.SqlServerOrigin`1::Extract()
FNDA:0,System.Collections.Generic.IEnumerable`1<T> IntegrationFactory.Domain.DataSet.SqlServer.SqlServerOrigin`1::Extract()
DA:21,0
DA:22,0
DA:23,0
FN:24,System.Void IntegrationFactory.Domain.DataSet.SqlServer.SqlServerOrigin`1::Validate()
FNDA:0,System.Void IntegrationFactory.Domain.DataSet.SqlServer.SqlServerOrigin`1::Validate()
DA:25,0
DA:26,0
FN:29,System.Void IntegrationFactory.Domain.DataSet.SqlServer.SqlServerOrigin`1::Transform()
FNDA:0,System.Void IntegrationFactory.Domain.DataSet.SqlServer.SqlServerOrigin`1::Transform()
DA:30,0
DA:31,0
FN:14,System.Void IntegrationFactory.Domain.DataSet.SqlServer.SqlServerOrigin`1::.ctor(System.String,System.String)
FNDA:0,System.Void IntegrationFactory.Domain.DataSet.SqlServer.SqlServerOrigin`1::.ctor(System.String,System.String)
DA:15,0
DA:16,0
DA:17,0
DA:18,0
DA:19,0
LF:13
LH:0
BRF:0
BRH:0
FNF:5
FNH:0
end_of_record
SF:C:\Work\IntegrationFactory\IntegrationFactory.Domain\DataSet\SqlServer\Extensions\SqlServerMerge.cs
FN:10,System.Void IntegrationFactory.Domain.DataSet.SqlServer.Extensions.SqlServerMerge::CreateTemporaryTable(IntegrationFactory.Domain.DataSet.SqlServer.SqlServerDestiny)
FNDA:7,System.Void IntegrationFactory.Domain.DataSet.SqlServer.Extensions.SqlServerMerge::CreateTemporaryTable(IntegrationFactory.Domain.DataSet.SqlServer.SqlServerDestiny)
DA:11,7
DA:12,7
DA:13,7
DA:14,7
DA:15,7
DA:16,7
FN:18,System.Void IntegrationFactory.Domain.DataSet.SqlServer.Extensions.SqlServerMerge::Merge(IntegrationFactory.Domain.DataSet.SqlServer.SqlServerDestiny)
FNDA:5,System.Void IntegrationFactory.Domain.DataSet.SqlServer.Extensions.SqlServerMerge::Merge(IntegrationFactory.Domain.DataSet.SqlServer.SqlServerDestiny)
DA:19,5
DA:20,5
DA:21,5
DA:22,5
DA:23,5
FN:25,System.Collections.Generic.List`1<System.String> IntegrationFactory.Domain.DataSet.SqlServer.Extensions.SqlServerMerge::GetColumnKeys(IntegrationFactory.Domain.DataSet.SqlServer.SqlServerDestiny)
FNDA:9,System.Collections.Generic.List`1<System.String> IntegrationFactory.Domain.DataSet.SqlServer.Extensions.SqlServerMerge::GetColumnKeys(IntegrationFactory.Domain.DataSet.SqlServer.SqlServerDestiny)
DA:26,9
DA:27,9
DA:28,9
DA:29,9
DA:30,9
DA:31,9
FN:33,System.String IntegrationFactory.Domain.DataSet.SqlServer.Extensions.SqlServerMerge::GetMergeCommand(IntegrationFactory.Domain.DataSet.SqlServer.SqlServerDestiny,System.Collections.Generic.List`1<System.String>)
FNDA:7,System.String IntegrationFactory.Domain.DataSet.SqlServer.Extensions.SqlServerMerge::GetMergeCommand(IntegrationFactory.Domain.DataSet.SqlServer.SqlServerDestiny,System.Collections.Generic.List`1<System.String>)
DA:34,7
DA:35,7
DA:36,7
DA:37,32
DA:38,9
DA:39,9
DA:40,9
DA:41,9
DA:42,9
DA:44,7
DA:46,7
DA:47,7
DA:48,58
DA:49,22
DA:50,22
DA:51,22
DA:52,22
DA:53,22
DA:54,22
DA:56,7
DA:57,7
DA:58,29
DA:59,7
DA:61,7
DA:62,7
BRDA:37,163,1,9
BRDA:40,80,0,2
BRDA:40,80,1,7
BRDA:37,163,0,7
BRDA:48,318,1,22
BRDA:52,265,0,7
BRDA:52,265,1,15
BRDA:48,318,0,7
FN:64,System.Collections.Generic.List`1<System.String> IntegrationFactory.Domain.DataSet.SqlServer.Extensions.SqlServerMerge::GetColumns(IntegrationFactory.Domain.DataSet.SqlServer.SqlServerDestiny)
FNDA:8,System.Collections.Generic.List`1<System.String> IntegrationFactory.Domain.DataSet.SqlServer.Extensions.SqlServerMerge::GetColumns(IntegrationFactory.Domain.DataSet.SqlServer.SqlServerDestiny)
DA:65,8
DA:66,8
DA:67,8
DA:68,8
DA:69,8
DA:70,8
LF:48
LH:48
BRF:8
BRH:8
FNF:5
FNH:5
end_of_record
SF:C:\Work\IntegrationFactory\IntegrationFactory.Domain\DataSet\PlainText\PlainTextOrigin.cs
FN:22,IntegrationFactory.Domain.DataSet.PlainText.PlainTextOrigin`1<T> IntegrationFactory.Domain.DataSet.PlainText.PlainTextOrigin`1::SetSeparator(System.Char)
FNDA:6,IntegrationFactory.Domain.DataSet.PlainText.PlainTextOrigin`1<T> IntegrationFactory.Domain.DataSet.PlainText.PlainTextOrigin`1::SetSeparator(System.Char)
DA:23,6
DA:24,6
DA:25,6
DA:26,6
FN:28,System.Collections.Generic.IEnumerable`1<T> IntegrationFactory.Domain.DataSet.PlainText.PlainTextOrigin`1::Extract()
FNDA:4,System.Collections.Generic.IEnumerable`1<T> IntegrationFactory.Domain.DataSet.PlainText.PlainTextOrigin`1::Extract()
DA:29,4
DA:30,4
DA:31,9
DA:32,4
DA:33,4
DA:34,2
FN:36,System.Void IntegrationFactory.Domain.DataSet.PlainText.PlainTextOrigin`1::Validate()
FNDA:11,System.Void IntegrationFactory.Domain.DataSet.PlainText.PlainTextOrigin`1::Validate()
DA:37,11
DA:38,11
DA:39,2
DA:41,11
DA:43,11
DA:44,3
DA:46,11
DA:47,8
DA:48,1
DA:50,11
DA:51,5
DA:53,11
DA:54,1
DA:56,11
BRDA:38,14,0,2
BRDA:38,14,1,11
BRDA:43,46,0,3
BRDA:43,46,1,11
BRDA:46,63,0,8
BRDA:47,89,0,1
BRDA:46,63,1,11
BRDA:47,89,1,11
BRDA:50,116,0,5
BRDA:50,116,1,11
BRDA:53,143,0,1
BRDA:53,143,1,11
FN:58,System.Void IntegrationFactory.Domain.DataSet.PlainText.PlainTextOrigin`1::Transform()
FNDA:0,System.Void IntegrationFactory.Domain.DataSet.PlainText.PlainTextOrigin`1::Transform()
DA:59,0
DA:60,0
FN:15,System.Void IntegrationFactory.Domain.DataSet.PlainText.PlainTextOrigin`1::.ctor(System.String,System.Func`2<System.String[],T>)
FNDA:11,System.Void IntegrationFactory.Domain.DataSet.PlainText.PlainTextOrigin`1::.ctor(System.String,System.Func`2<System.String[],T>)
DA:16,11
DA:17,11
DA:18,11
DA:19,11
DA:20,11
LF:31
LH:29
BRF:12
BRH:12
FNF:5
FNH:4
end_of_record
SF:C:\Work\IntegrationFactory\IntegrationFactory.Domain\DataSet\Notifications\Validatable.cs
FN:9,System.Boolean IntegrationFactory.Domain.DataSet.Notifications.Validatable::get_Valid()
FNDA:2,System.Boolean IntegrationFactory.Domain.DataSet.Notifications.Validatable::get_Valid()
DA:10,2
DA:11,2
DA:12,2
FN:14,System.Collections.Generic.List`1<System.String> IntegrationFactory.Domain.DataSet.Notifications.Validatable::get_Notifications()
FNDA:66,System.Collections.Generic.List`1<System.String> IntegrationFactory.Domain.DataSet.Notifications.Validatable::get_Notifications()
DA:15,66
FN:17,System.Void IntegrationFactory.Domain.DataSet.Notifications.Validatable::AddNotification(System.String)
FNDA:16,System.Void IntegrationFactory.Domain.DataSet.Notifications.Validatable::AddNotification(System.String)
DA:18,16
FN:21,System.Void IntegrationFactory.Domain.DataSet.Notifications.Validatable::.ctor()
FNDA:37,System.Void IntegrationFactory.Domain.DataSet.Notifications.Validatable::.ctor()
DA:22,37
DA:23,37
DA:24,37
DA:25,37
LF:9
LH:9
BRF:0
BRH:0
FNF:4
FNH:4
end_of_record